#
# There is insufficient memory for the Java Runtime Environment to continue.
# Native memory allocation (malloc) failed to allocate 574336 bytes for Chunk::new
# Possible reasons:
#   The system is out of physical RAM or swap space
#   In 32 bit mode, the process size limit was hit
# Possible solutions:
#   Reduce memory load on the system
#   Increase physical memory or swap space
#   Check if swap backing store is full
#   Use 64 bit Java on a 64 bit OS
#   Decrease Java heap size (-Xmx/-Xms)
#   Decrease number of Java threads
#   Decrease Java thread stack sizes (-Xss)
#   Set larger code cache with -XX:ReservedCodeCacheSize=
# This output file may be truncated or incomplete.
#
#  Out of Memory Error (allocation.cpp:390), pid=5232, tid=4668
#
# JRE version: Java(TM) SE Runtime Environment (8.0_72-b15) (build 1.8.0_72-b15)
# Java VM: Java HotSpot(TM) 64-Bit Server VM (25.72-b15 mixed mode windows-amd64 compressed oops)
# Failed to write core dump. Minidumps are not enabled by default on client versions of Windows
#

---------------  T H R E A D  ---------------

Current thread (0x00000000146fa800):  JavaThread "C2 CompilerThread0" daemon [_thread_in_native, id=4668, stack(0x0000000015710000,0x0000000015810000)]

Stack: [0x0000000015710000,0x0000000015810000]
[error occurred during error reporting (printing stack bounds), id 0xc0000005]

Native frames: (J=compiled Java code, j=interpreted, Vv=VM code, C=native code)


Current CompileTask:
C2:   6796 1193       4       com.android.dx.ssa.SsaMethod::forEachInsn (36 bytes)


---------------  P R O C E S S  ---------------

Java Threads: ( => current thread )
  0x0000000015d07800 JavaThread "pool-1-thread-4" [_thread_in_Java, id=1752, stack(0x0000000016310000,0x0000000016410000)]
  0x0000000015d03000 JavaThread "pool-1-thread-3" [_thread_blocked, id=3412, stack(0x0000000016210000,0x0000000016310000)]
  0x0000000015d00800 JavaThread "pool-1-thread-2" [_thread_in_Java, id=3004, stack(0x0000000016110000,0x0000000016210000)]
  0x0000000015c04000 JavaThread "pool-2-thread-1" [_thread_blocked, id=1576, stack(0x0000000016010000,0x0000000016110000)]
  0x0000000015c00800 JavaThread "pool-1-thread-1" [_thread_blocked, id=5280, stack(0x0000000015f10000,0x0000000016010000)]
  0x0000000014764000 JavaThread "Service Thread" daemon [_thread_blocked, id=5632, stack(0x0000000015910000,0x0000000015a10000)]
  0x0000000014755800 JavaThread "C1 CompilerThread1" daemon [_thread_blocked, id=672, stack(0x0000000015810000,0x0000000015910000)]
=>0x00000000146fa800 JavaThread "C2 CompilerThread0" daemon [_thread_in_native, id=4668, stack(0x0000000015710000,0x0000000015810000)]
  0x00000000146f8000 JavaThread "Attach Listener" daemon [_thread_blocked, id=5580, stack(0x0000000015610000,0x0000000015710000)]
  0x00000000146f5000 JavaThread "Signal Dispatcher" daemon [_thread_blocked, id=6056, stack(0x0000000015510000,0x0000000015610000)]
  0x00000000146e8800 JavaThread "Finalizer" daemon [_thread_blocked, id=5520, stack(0x0000000015330000,0x0000000015430000)]
  0x000000000225c800 JavaThread "Reference Handler" daemon [_thread_blocked, id=5140, stack(0x0000000015230000,0x0000000015330000)]
  0x000000000206d800 JavaThread "main" [_thread_blocked, id=1116, stack(0x0000000002070000,0x0000000002170000)]

Other Threads:
  0x00000000146c6000 VMThread [stack: 0x0000000015130000,0x0000000015230000] [id=4876]
  0x000000001475e800 WatcherThread [stack: 0x0000000015a10000,0x0000000015b10000] [id=3740]

VM state:not at safepoint (normal execution)

VM Mutex/Monitor currently owned by a thread: None

Heap:
 PSYoungGen      total 14336K, used 10919K [0x00000000eab00000, 0x00000000ebb00000, 0x0000000100000000)
  eden space 12288K, 72% used [0x00000000eab00000,0x00000000eb3af1c8,0x00000000eb700000)
  from space 2048K, 98% used [0x00000000eb900000,0x00000000ebafabb0,0x00000000ebb00000)
  to   space 2048K, 0% used [0x00000000eb700000,0x00000000eb700000,0x00000000eb900000)
 ParOldGen       total 32768K, used 3716K [0x00000000c0000000, 0x00000000c2000000, 0x00000000eab00000)
  object space 32768K, 11% used [0x00000000c0000000,0x00000000c03a11e8,0x00000000c2000000)
 Metaspace       used 5763K, capacity 6832K, committed 7040K, reserved 1056768K
  class space    used 580K, capacity 616K, committed 640K, reserved 1048576K

Card table byte_map: [0x0000000011630000,0x0000000011840000] byte_map_base: 0x0000000011030000

Marking Bits: (ParMarkBitMap*) 0x0000000057a70600
 Begin Bits: [0x0000000011ba0000, 0x0000000012ba0000)
 End Bits:   [0x0000000012ba0000, 0x0000000013ba0000)

Polling page: 0x0000000001e00000

CodeCache: size=245760Kb used=4838Kb max_used=4838Kb free=240921Kb
 bounds [0x0000000002270000, 0x0000000002730000, 0x0000000011270000]
 total_blobs=1489 nmethods=1229 adapters=175
 compilation: enabled

Compilation events (10 events):
Event: 6.784 Thread 0x0000000014755800 1230       3       java.util.Vector::<init> (7 bytes)
Event: 6.784 Thread 0x0000000014755800 nmethod 1230 0x000000000272bc50 code [0x000000000272bdc0, 0x000000000272bf48]
Event: 6.784 Thread 0x0000000014755800 1231       3       java.util.Vector::<init> (49 bytes)
Event: 6.785 Thread 0x0000000014755800 nmethod 1231 0x000000000272bfd0 code [0x000000000272c1c0, 0x000000000272cbb8]
Event: 6.785 Thread 0x0000000014755800 1232       3       com.android.dx.rop.code.SwitchInsn::<init> (49 bytes)
Event: 6.786 Thread 0x0000000014755800 nmethod 1232 0x000000000272d050 code [0x000000000272d1e0, 0x000000000272d628]
Event: 6.788 Thread 0x0000000014755800 1233       3       java.lang.Float::isNaN (12 bytes)
Event: 6.788 Thread 0x0000000014755800 nmethod 1233 0x000000000272d7d0 code [0x000000000272d920, 0x000000000272dad0]
Event: 6.790 Thread 0x0000000014755800 1234       1       com.android.dx.cf.attrib.AttSourceFile::getSourceFile (5 bytes)
Event: 6.790 Thread 0x0000000014755800 nmethod 1234 0x000000000272db50 code [0x000000000272dca0, 0x000000000272ddb0]

GC Heap History (4 events):
Event: 5.104 GC heap before
{Heap before GC invocations=1 (full 0):
 PSYoungGen      total 14336K, used 12288K [0x00000000eab00000, 0x00000000ebb00000, 0x0000000100000000)
  eden space 12288K, 100% used [0x00000000eab00000,0x00000000eb700000,0x00000000eb700000)
  from space 2048K, 0% used [0x00000000eb900000,0x00000000eb900000,0x00000000ebb00000)
  to   space 2048K, 0% used [0x00000000eb700000,0x00000000eb700000,0x00000000eb900000)
 ParOldGen       total 32768K, used 0K [0x00000000c0000000, 0x00000000c2000000, 0x00000000eab00000)
  object space 32768K, 0% used [0x00000000c0000000,0x00000000c0000000,0x00000000c2000000)
 Metaspace       used 5575K, capacity 6704K, committed 6784K, reserved 1056768K
  class space    used 576K, capacity 616K, committed 640K, reserved 1048576K
Event: 5.135 GC heap after
Heap after GC invocations=1 (full 0):
 PSYoungGen      total 14336K, used 2032K [0x00000000eab00000, 0x00000000ebb00000, 0x0000000100000000)
  eden space 12288K, 0% used [0x00000000eab00000,0x00000000eab00000,0x00000000eb700000)
  from space 2048K, 99% used [0x00000000eb700000,0x00000000eb8fc048,0x00000000eb900000)
  to   space 2048K, 0% used [0x00000000eb900000,0x00000000eb900000,0x00000000ebb00000)
 ParOldGen       total 32768K, used 1730K [0x00000000c0000000, 0x00000000c2000000, 0x00000000eab00000)
  object space 32768K, 5% used [0x00000000c0000000,0x00000000c01b0ab8,0x00000000c2000000)
 Metaspace       used 5575K, capacity 6704K, committed 6784K, reserved 1056768K
  class space    used 576K, capacity 616K, committed 640K, reserved 1048576K
}
Event: 5.778 GC heap before
{Heap before GC invocations=2 (full 0):
 PSYoungGen      total 14336K, used 14320K [0x00000000eab00000, 0x00000000ebb00000, 0x0000000100000000)
  eden space 12288K, 100% used [0x00000000eab00000,0x00000000eb700000,0x00000000eb700000)
  from space 2048K, 99% used [0x00000000eb700000,0x00000000eb8fc048,0x00000000eb900000)
  to   space 2048K, 0% used [0x00000000eb900000,0x00000000eb900000,0x00000000ebb00000)
 ParOldGen       total 32768K, used 1730K [0x00000000c0000000, 0x00000000c2000000, 0x00000000eab00000)
  object space 32768K, 5% used [0x00000000c0000000,0x00000000c01b0ab8,0x00000000c2000000)
 Metaspace       used 5705K, capacity 6832K, committed 7040K, reserved 1056768K
  class space    used 576K, capacity 616K, committed 640K, reserved 1048576K
Event: 5.889 GC heap after
Heap after GC invocations=2 (full 0):
 PSYoungGen      total 14336K, used 2026K [0x00000000eab00000, 0x00000000ebb00000, 0x0000000100000000)
  eden space 12288K, 0% used [0x00000000eab00000,0x00000000eab00000,0x00000000eb700000)
  from space 2048K, 98% used [0x00000000eb900000,0x00000000ebafabb0,0x00000000ebb00000)
  to   space 2048K, 0% used [0x00000000eb700000,0x00000000eb700000,0x00000000eb900000)
 ParOldGen       total 32768K, used 3716K [0x00000000c0000000, 0x00000000c2000000, 0x00000000eab00000)
  object space 32768K, 11% used [0x00000000c0000000,0x00000000c03a11e8,0x00000000c2000000)
 Metaspace       used 5705K, capacity 6832K, committed 7040K, reserved 1056768K
  class space    used 576K, capacity 616K, committed 640K, reserved 1048576K
}

Deoptimization events (10 events):
Event: 6.713 Thread 0x0000000015d07800 Uncommon trap: reason=unstable_if action=reinterpret pc=0x000000000264e570 method=com.android.dx.ssa.NormalSsaInsn.getLocalAssignment()Lcom/android/dx/rop/code/RegisterSpec; @ 12
Event: 6.716 Thread 0x0000000015d07800 Uncommon trap: reason=bimorphic action=maybe_recompile pc=0x0000000002572b28 method=java.util.HashMap.getNode(ILjava/lang/Object;)Ljava/util/HashMap$Node; @ 126
Event: 6.716 Thread 0x0000000015d07800 Uncommon trap: reason=class_check action=maybe_recompile pc=0x00000000027074dc method=java.util.HashMap.putVal(ILjava/lang/Object;Ljava/lang/Object;ZZ)Ljava/lang/Object; @ 203
Event: 6.716 Thread 0x0000000015d07800 Uncommon trap: reason=class_check action=maybe_recompile pc=0x00000000025ba1dc method=com.android.dx.rop.type.Type.equals(Ljava/lang/Object;)Z @ 8
Event: 6.717 Thread 0x0000000015d07800 Uncommon trap: reason=unstable_if action=reinterpret pc=0x00000000026e760c method=com.android.dx.ssa.NormalSsaInsn.getLocalAssignment()Lcom/android/dx/rop/code/RegisterSpec; @ 12
Event: 6.730 Thread 0x0000000015d07800 Uncommon trap: reason=unstable_if action=reinterpret pc=0x0000000002572b00 method=com.android.dx.rop.code.RegisterSpec.equals(ILcom/android/dx/rop/type/TypeBearer;Lcom/android/dx/rop/code/LocalItem;)Z @ 16
Event: 6.733 Thread 0x0000000015d07800 Uncommon trap: reason=unstable_if action=reinterpret pc=0x000000000270fae0 method=com.android.dx.util.LabeledList.set(ILcom/android/dx/util/LabeledItem;)V @ 16
Event: 6.733 Thread 0x0000000015d07800 Uncommon trap: reason=unstable_if action=reinterpret pc=0x00000000026d3644 method=com.android.dx.util.LabeledList.set(ILcom/android/dx/util/LabeledItem;)V @ 16
Event: 6.733 Thread 0x0000000015d07800 Uncommon trap: reason=unstable_if action=reinterpret pc=0x00000000026e88b0 method=com.android.dx.rop.code.Insn.getLocalAssignment()Lcom/android/dx/rop/code/RegisterSpec; @ 9
Event: 6.759 Thread 0x0000000015d00800 Uncommon trap: reason=unstable_if action=reinterpret pc=0x00000000026454fc method=com.android.dx.ssa.SsaRenamer$BlockRenamer.addMapping(ILcom/android/dx/rop/code/RegisterSpec;)V @ 120

Internal exceptions (2 events):
Event: 0.695 Thread 0x000000000206d800 Exception <a 'java/lang/NoSuchMethodError': Method sun.misc.Unsafe.defineClass(Ljava/lang/String;[BII)Ljava/lang/Class; name or signature does not match> (0x00000000eab07cc0) thrown at [C:\re\workspace\8-2-build-windows-amd64-cygwin\jdk8u72\5732\hotspot\sr‘h"(¯;æ?
Event: 0.695 Thread 0x000000000206d800 Exception <a 'java/lang/NoSuchMethodError': Method sun.misc.Unsafe.prefetchRead(Ljava/lang/Object;J)V name or signature does not match> (0x00000000eab07fa8) thrown at [C:\re\workspace\8-2-build-windows-amd64-cygwin\jdk8u72\5732\hotspot\src\share\vm\prims\j

Events (10 events):
Event: 6.733 Thread 0x0000000015d07800 DEOPT UNPACKING pc=0x00000000022b556a sp=0x000000001640e698 mode 2
Event: 6.733 Thread 0x0000000015d07800 Uncommon trap: trap_request=0xffffff65 fr.pc=0x00000000026d3644
Event: 6.733 Thread 0x0000000015d07800 DEOPT PACKING pc=0x00000000026d3644 sp=0x000000001640e690
Event: 6.733 Thread 0x0000000015d07800 DEOPT UNPACKING pc=0x00000000022b556a sp=0x000000001640e690 mode 2
Event: 6.733 Thread 0x0000000015d07800 Uncommon trap: trap_request=0xffffff65 fr.pc=0x00000000026e88b0
Event: 6.733 Thread 0x0000000015d07800 DEOPT PACKING pc=0x00000000026e88b0 sp=0x000000001640e940
Event: 6.733 Thread 0x0000000015d07800 DEOPT UNPACKING pc=0x00000000022b556a sp=0x000000001640e8c8 mode 2
Event: 6.759 Thread 0x0000000015d00800 Uncommon trap: trap_request=0xffffff65 fr.pc=0x00000000026454fc
Event: 6.759 Thread 0x0000000015d00800 DEOPT PACKING pc=0x00000000026454fc sp=0x000000001620ea10
Event: 6.759 Thread 0x0000000015d00800 DEOPT UNPACKING pc=0x00000000022b556a sp=0x000000001620e9b8 mode 2


Dynamic libraries:
0x00007ff6720a0000 - 0x00007ff6720d7000 	C:\Program Files\Java\jdk1.8.0_72\bin\java.exe
0x00007ff845d00000 - 0x00007ff845ec1000 	C:\Windows\SYSTEM32\ntdll.dll
0x00007ff8457f0000 - 0x00007ff84589d000 	C:\Windows\system32\KERNEL32.DLL
0x00007ff8423b0000 - 0x00007ff842598000 	C:\Windows\system32\KERNELBASE.dll
0x00007ff8459e0000 - 0x00007ff845a87000 	C:\Windows\system32\ADVAPI32.dll
0x00007ff845aa0000 - 0x00007ff845b3d000 	C:\Windows\system32\msvcrt.dll
0x00007ff8439d0000 - 0x00007ff843a2b000 	C:\Windows\system32\sechost.dll
0x00007ff845600000 - 0x00007ff84571c000 	C:\Windows\system32\RPCRT4.dll
0x00007ff8454a0000 - 0x00007ff8455f6000 	C:\Windows\system32\USER32.dll
0x00007ff843250000 - 0x00007ff8433d6000 	C:\Windows\system32\GDI32.dll
0x00007ff839560000 - 0x00007ff8397d4000 	C:\Windows\WinSxS\amd64_microsoft.windows.common-controls_6595b64144ccf1df_6.0.10586.0_none_8c15ae12515e1c22\COMCTL32.dll
0x00007ff843cc0000 - 0x00007ff843f3d000 	C:\Windows\system32\combase.dll
0x00007ff8425a0000 - 0x00007ff84260a000 	C:\Windows\system32\bcryptPrimitives.dll
0x00007ff843a30000 - 0x00007ff843a6b000 	C:\Windows\system32\IMM32.DLL
0x0000000056d00000 - 0x0000000056dd2000 	C:\Program Files\Java\jdk1.8.0_72\jre\bin\msvcr100.dll
0x0000000057260000 - 0x0000000057af0000 	C:\Program Files\Java\jdk1.8.0_72\jre\bin\server\jvm.dll
0x00007ff845900000 - 0x00007ff845908000 	C:\Windows\system32\PSAPI.DLL
0x00007ff8324c0000 - 0x00007ff8324c9000 	C:\Windows\SYSTEM32\WSOCK32.dll
0x00007ff843bf0000 - 0x00007ff843c5b000 	C:\Windows\system32\WS2_32.dll
0x00007ff840660000 - 0x00007ff840683000 	C:\Windows\SYSTEM32\WINMM.dll
0x00007ff83e110000 - 0x00007ff83e11a000 	C:\Windows\SYSTEM32\VERSION.dll
0x00007ff840600000 - 0x00007ff84062c000 	C:\Windows\SYSTEM32\WINMMBASE.dll
0x00007ff842950000 - 0x00007ff842993000 	C:\Windows\system32\cfgmgr32.dll
0x0000000057170000 - 0x000000005717f000 	C:\Program Files\Java\jdk1.8.0_72\jre\bin\verify.dll
0x0000000057140000 - 0x0000000057169000 	C:\Program Files\Java\jdk1.8.0_72\jre\bin\java.dll
0x0000000057120000 - 0x0000000057136000 	C:\Program Files\Java\jdk1.8.0_72\jre\bin\zip.dll
0x00007ff843f40000 - 0x00007ff84549c000 	C:\Windows\system32\SHELL32.dll
0x00007ff8429a0000 - 0x00007ff842fe5000 	C:\Windows\system32\windows.storage.dll
0x00007ff8458a0000 - 0x00007ff8458f2000 	C:\Windows\system32\shlwapi.dll
0x00007ff842320000 - 0x00007ff84232f000 	C:\Windows\system32\kernel.appcore.dll
0x00007ff8427e0000 - 0x00007ff842895000 	C:\Windows\system32\shcore.dll
0x00007ff842360000 - 0x00007ff8423ab000 	C:\Windows\system32\powrprof.dll
0x00007ff842340000 - 0x00007ff842354000 	C:\Windows\system32\profapi.dll

VM Arguments:
jvm_args: -Djava.awt.headless=true -Xmx1024M -Dfile.encoding=windows-1252 -Duser.country=IN -Duser.language=en -Duser.variant 
java_command: com.android.dx.command.Main --dex --force-jumbo --num-threads=4 --output C:\AndroidStudioProjects\GPSAlarm\app\build\intermediates\pre-dexed\debug\main_c6fb93f6e36e38155a246310ca10f559bf52fb6e.jar C:\AndroidStudioProjects\GPSAlarm\app\build\intermediates\transforms\instantRun\debug\folders\1\5\main
java_class_path (initial): C:\Android\sdk\build-tools\23.0.2\lib\dx.jar
Launcher Type: SUN_STANDARD

Environment Variables:
PATH=C:\ProgramData\Oracle\Java\javapath;C:\Windows\system32;C:\Windows;C:\Windows\System32\Wbem;C:\Windows\System32\WindowsPowerShell\v1.0\;C:\Program Files (x86)\Common Files\lenovo\easyplussdk\bin;C:\Users\R Gowtham\AppData\Local\Programs\Python\Python35-32\Scripts\;C:\Users\R Gowtham\AppData\Local\Programs\Python\Python35-32\
USERNAME=R Gowtham
OS=Windows_NT
PROCESSOR_IDENTIFIER=Intel64 Family 6 Model 23 Stepping 10, GenuineIntel



---------------  S Y S T E M  ---------------

OS: Windows 10.0 , 64 bit Build 10586 (10.0.10586.0)

CPU:total 2 (2 cores per cpu, 1 threads per core) family 6 model 23 stepping 10, cmov, cx8, fxsr, mmx, sse, sse2, sse3, ssse3, tsc

Memory: 4k page, physical 3074020k(89820k free), swap 4122596k(816k free)

vm_info: Java HotSpot(TM) 64-Bit Server VM (25.72-b15) for windows-amd64 JRE (1.8.0_72-b15), built on Dec 22 2015 19:16:16 by "java_re" with MS VC++ 10.0 (VS2010)

time: Mon May 09 16:07:19 2016
elapsed time: 6 seconds (0d 0h 0m 6s)

