#
# There is insufficient memory for the Java Runtime Environment to continue.
# Native memory allocation (malloc) failed to allocate 262160 bytes for Chunk::new
# Possible reasons:
#   The system is out of physical RAM or swap space
#   In 32 bit mode, the process size limit was hit
# Possible solutions:
#   Reduce memory load on the system
#   Increase physical memory or swap space
#   Check if swap backing store is full
#   Use 64 bit Java on a 64 bit OS
#   Decrease Java heap size (-Xmx/-Xms)
#   Decrease number of Java threads
#   Decrease Java thread stack sizes (-Xss)
#   Set larger code cache with -XX:ReservedCodeCacheSize=
# This output file may be truncated or incomplete.
#
#  Out of Memory Error (allocation.cpp:390), pid=3012, tid=1984
#
# JRE version: Java(TM) SE Runtime Environment (8.0_72-b15) (build 1.8.0_72-b15)
# Java VM: Java HotSpot(TM) 64-Bit Server VM (25.72-b15 mixed mode windows-amd64 compressed oops)
# Failed to write core dump. Minidumps are not enabled by default on client versions of Windows
#

---------------  T H R E A D  ---------------

Current thread (0x00000000146c8800):  JavaThread "C2 CompilerThread0" daemon [_thread_in_native, id=1984, stack(0x00000000156f0000,0x00000000157f0000)]

Stack: [0x00000000156f0000,0x00000000157f0000]
[error occurred during error reporting (printing stack bounds), id 0xc0000005]

Native frames: (J=compiled Java code, j=interpreted, Vv=VM code, C=native code)


Current CompileTask:
C2:  35770 2141   !   4       com.android.dx.cf.code.BytecodeArray::parseInstruction (2764 bytes)


---------------  P R O C E S S  ---------------

Java Threads: ( => current thread )
  0x0000000015d28800 JavaThread "pool-1-thread-4" [_thread_blocked, id=3388, stack(0x00000000162f0000,0x00000000163f0000)]
  0x0000000015d22000 JavaThread "pool-1-thread-3" [_thread_in_Java, id=2808, stack(0x00000000161f0000,0x00000000162f0000)]
  0x0000000015d1e800 JavaThread "pool-1-thread-2" [_thread_blocked, id=208, stack(0x00000000160f0000,0x00000000161f0000)]
  0x0000000015d09800 JavaThread "pool-2-thread-1" [_thread_blocked, id=5356, stack(0x0000000015ff0000,0x00000000160f0000)]
  0x0000000015d09000 JavaThread "pool-1-thread-1" [_thread_in_vm, id=5400, stack(0x0000000015ef0000,0x0000000015ff0000)]
  0x000000001473c800 JavaThread "Service Thread" daemon [_thread_blocked, id=3280, stack(0x00000000158f0000,0x00000000159f0000)]
  0x00000000146cc000 JavaThread "C1 CompilerThread1" daemon [_thread_blocked, id=3568, stack(0x00000000157f0000,0x00000000158f0000)]
=>0x00000000146c8800 JavaThread "C2 CompilerThread0" daemon [_thread_in_native, id=1984, stack(0x00000000156f0000,0x00000000157f0000)]
  0x00000000146c6800 JavaThread "Attach Listener" daemon [_thread_blocked, id=5552, stack(0x00000000155f0000,0x00000000156f0000)]
  0x00000000146c3000 JavaThread "Signal Dispatcher" daemon [_thread_blocked, id=5644, stack(0x00000000154f0000,0x00000000155f0000)]
  0x00000000146b8800 JavaThread "Finalizer" daemon [_thread_blocked, id=2896, stack(0x0000000015310000,0x0000000015410000)]
  0x000000000222c800 JavaThread "Reference Handler" daemon [_thread_blocked, id=4236, stack(0x0000000015210000,0x0000000015310000)]
  0x0000000001f3d800 JavaThread "main" [_thread_in_Java, id=3548, stack(0x0000000001f40000,0x0000000002040000)]

Other Threads:
  0x0000000014696000 VMThread [stack: 0x0000000015110000,0x0000000015210000] [id=2320]
  0x0000000014734800 WatcherThread [stack: 0x00000000159f0000,0x0000000015af0000] [id=5440]

VM state:not at safepoint (normal execution)

VM Mutex/Monitor currently owned by a thread: None

Heap:
 PSYoungGen      total 110080K, used 31749K [0x00000000eab00000, 0x00000000f9300000, 0x0000000100000000)
  eden space 96256K, 32% used [0x00000000eab00000,0x00000000eca01668,0x00000000f0900000)
  from space 13824K, 0% used [0x00000000f0900000,0x00000000f0900000,0x00000000f1680000)
  to   space 22528K, 0% used [0x00000000f7d00000,0x00000000f7d00000,0x00000000f9300000)
 ParOldGen       total 32768K, used 32733K [0x00000000c0000000, 0x00000000c2000000, 0x00000000eab00000)
  object space 32768K, 99% used [0x00000000c0000000,0x00000000c1ff76c0,0x00000000c2000000)
 Metaspace       used 6570K, capacity 7256K, committed 7424K, reserved 1056768K
  class space    used 626K, capacity 656K, committed 768K, reserved 1048576K

Card table byte_map: [0x0000000011600000,0x0000000011810000] byte_map_base: 0x0000000011000000

Marking Bits: (ParMarkBitMap*) 0x0000000057a70600
 Begin Bits: [0x0000000011b70000, 0x0000000012b70000)
 End Bits:   [0x0000000012b70000, 0x0000000013b70000)

Polling page: 0x00000000004d0000

CodeCache: size=245760Kb used=7543Kb max_used=9494Kb free=238216Kb
 bounds [0x0000000002240000, 0x0000000002ba0000, 0x0000000011240000]
 total_blobs=2007 nmethods=1739 adapters=182
 compilation: enabled

Compilation events (10 events):
Event: 32.694 Thread 0x00000000146c8800 nmethod 2109 0x000000000249e850 code [0x000000000249e9a0, 0x000000000249ed38]
Event: 32.694 Thread 0x00000000146c8800 2112       4       com.android.dx.rop.code.RegisterSpec$ForComparison::equals (31 bytes)
Event: 32.703 Thread 0x00000000146c8800 nmethod 2112 0x000000000272e710 code [0x000000000272e880, 0x000000000272ec58]
Event: 32.703 Thread 0x00000000146c8800 2141   !   4       com.android.dx.cf.code.BytecodeArray::parseInstruction (2764 bytes)
Event: 35.702 Thread 0x00000000146cc000 2144       2       com.android.dx.rop.code.Rops::opPutStatic (97 bytes)
Event: 35.703 Thread 0x00000000146cc000 nmethod 2144 0x00000000024f54d0 code [0x00000000024f56a0, 0x00000000024f5c18]
Event: 35.725 Thread 0x00000000146cc000 2147       2       java.util.HashMap$TreeNode::find (172 bytes)
Event: 35.726 Thread 0x00000000146cc000 nmethod 2147 0x000000000246bf90 code [0x000000000246c140, 0x000000000246c578]
Event: 35.742 Thread 0x00000000146cc000 2148       2       com.android.dx.rop.code.Rops::opSub (29 bytes)
Event: 35.742 Thread 0x00000000146cc000 nmethod 2148 0x0000000002560410 code [0x0000000002560580, 0x0000000002560728]

GC Heap History (10 events):
Event: 22.527 GC heap before
{Heap before GC invocations=5 (full 0):
 PSYoungGen      total 51200K, used 51170K [0x00000000eab00000, 0x00000000edf00000, 0x0000000100000000)
  eden space 49152K, 100% used [0x00000000eab00000,0x00000000edb00000,0x00000000edb00000)
  from space 2048K, 98% used [0x00000000edd00000,0x00000000edef8868,0x00000000edf00000)
  to   space 2048K, 0% used [0x00000000edb00000,0x00000000edb00000,0x00000000edd00000)
 ParOldGen       total 32768K, used 9685K [0x00000000c0000000, 0x00000000c2000000, 0x00000000eab00000)
  object space 32768K, 29% used [0x00000000c0000000,0x00000000c0975448,0x00000000c2000000)
 Metaspace       used 6292K, capacity 7090K, committed 7296K, reserved 1056768K
  class space    used 606K, capacity 618K, committed 640K, reserved 1048576K
Event: 22.655 GC heap after
Heap after GC invocations=5 (full 0):
 PSYoungGen      total 51200K, used 2034K [0x00000000eab00000, 0x00000000f2200000, 0x0000000100000000)
  eden space 49152K, 0% used [0x00000000eab00000,0x00000000eab00000,0x00000000edb00000)
  from space 2048K, 99% used [0x00000000edb00000,0x00000000edcfc878,0x00000000edd00000)
  to   space 11776K, 0% used [0x00000000f1680000,0x00000000f1680000,0x00000000f2200000)
 ParOldGen       total 32768K, used 17439K [0x00000000c0000000, 0x00000000c2000000, 0x00000000eab00000)
  object space 32768K, 53% used [0x00000000c0000000,0x00000000c1107ef0,0x00000000c2000000)
 Metaspace       used 6292K, capacity 7090K, committed 7296K, reserved 1056768K
  class space    used 606K, capacity 618K, committed 640K, reserved 1048576K
}
Event: 24.424 GC heap before
{Heap before GC invocations=6 (full 0):
 PSYoungGen      total 51200K, used 51186K [0x00000000eab00000, 0x00000000f2200000, 0x0000000100000000)
  eden space 49152K, 100% used [0x00000000eab00000,0x00000000edb00000,0x00000000edb00000)
  from space 2048K, 99% used [0x00000000edb00000,0x00000000edcfc878,0x00000000edd00000)
  to   space 11776K, 0% used [0x00000000f1680000,0x00000000f1680000,0x00000000f2200000)
 ParOldGen       total 32768K, used 17439K [0x00000000c0000000, 0x00000000c2000000, 0x00000000eab00000)
  object space 32768K, 53% used [0x00000000c0000000,0x00000000c1107ef0,0x00000000c2000000)
 Metaspace       used 6350K, capacity 7154K, committed 7296K, reserved 1056768K
  class space    used 606K, capacity 618K, committed 640K, reserved 1048576K
Event: 24.813 GC heap after
Heap after GC invocations=6 (full 0):
 PSYoungGen      total 108032K, used 10242K [0x00000000eab00000, 0x00000000f2600000, 0x0000000100000000)
  eden space 96256K, 0% used [0x00000000eab00000,0x00000000eab00000,0x00000000f0900000)
  from space 11776K, 86% used [0x00000000f1680000,0x00000000f2080868,0x00000000f2200000)
  to   space 13824K, 0% used [0x00000000f0900000,0x00000000f0900000,0x00000000f1680000)
 ParOldGen       total 32768K, used 17447K [0x00000000c0000000, 0x00000000c2000000, 0x00000000eab00000)
  object space 32768K, 53% used [0x00000000c0000000,0x00000000c1109ef0,0x00000000c2000000)
 Metaspace       used 6350K, capacity 7154K, committed 7296K, reserved 1056768K
  class space    used 606K, capacity 618K, committed 640K, reserved 1048576K
}
Event: 28.433 GC heap before
{Heap before GC invocations=7 (full 0):
 PSYoungGen      total 108032K, used 106498K [0x00000000eab00000, 0x00000000f2600000, 0x0000000100000000)
  eden space 96256K, 100% used [0x00000000eab00000,0x00000000f0900000,0x00000000f0900000)
  from space 11776K, 86% used [0x00000000f1680000,0x00000000f2080868,0x00000000f2200000)
  to   space 13824K, 0% used [0x00000000f0900000,0x00000000f0900000,0x00000000f1680000)
 ParOldGen       total 32768K, used 17447K [0x00000000c0000000, 0x00000000c2000000, 0x00000000eab00000)
  object space 32768K, 53% used [0x00000000c0000000,0x00000000c1109ef0,0x00000000c2000000)
 Metaspace       used 6463K, capacity 7218K, committed 7296K, reserved 1056768K
  class space    used 606K, capacity 618K, committed 640K, reserved 1048576K
Event: 28.734 GC heap after
Heap after GC invocations=7 (full 0):
 PSYoungGen      total 110080K, used 13815K [0x00000000eab00000, 0x00000000f9300000, 0x0000000100000000)
  eden space 96256K, 0% used [0x00000000eab00000,0x00000000eab00000,0x00000000f0900000)
  from space 13824K, 99% used [0x00000000f0900000,0x00000000f167deb0,0x00000000f1680000)
  to   space 22528K, 0% used [0x00000000f7d00000,0x00000000f7d00000,0x00000000f9300000)
 ParOldGen       total 32768K, used 29561K [0x00000000c0000000, 0x00000000c2000000, 0x00000000eab00000)
  object space 32768K, 90% used [0x00000000c0000000,0x00000000c1cde588,0x00000000c2000000)
 Metaspace       used 6463K, capacity 7218K, committed 7296K, reserved 1056768K
  class space    used 606K, capacity 618K, committed 640K, reserved 1048576K
}
Event: 28.734 GC heap before
{Heap before GC invocations=8 (full 1):
 PSYoungGen      total 110080K, used 13815K [0x00000000eab00000, 0x00000000f9300000, 0x0000000100000000)
  eden space 96256K, 0% used [0x00000000eab00000,0x00000000eab00000,0x00000000f0900000)
  from space 13824K, 99% used [0x00000000f0900000,0x00000000f167deb0,0x00000000f1680000)
  to   space 22528K, 0% used [0x00000000f7d00000,0x00000000f7d00000,0x00000000f9300000)
 ParOldGen       total 32768K, used 29561K [0x00000000c0000000, 0x00000000c2000000, 0x00000000eab00000)
  object space 32768K, 90% used [0x00000000c0000000,0x00000000c1cde588,0x00000000c2000000)
 Metaspace       used 6463K, capacity 7218K, committed 7296K, reserved 1056768K
  class space    used 606K, capacity 618K, committed 640K, reserved 1048576K
Event: 30.979 GC heap after
Heap after GC invocations=8 (full 1):
 PSYoungGen      total 110080K, used 7621K [0x00000000eab00000, 0x00000000f9300000, 0x0000000100000000)
  eden space 96256K, 0% used [0x00000000eab00000,0x00000000eab00000,0x00000000f0900000)
  from space 13824K, 55% used [0x00000000f0900000,0x00000000f1071668,0x00000000f1680000)
  to   space 22528K, 0% used [0x00000000f7d00000,0x00000000f7d00000,0x00000000f9300000)
 ParOldGen       total 32768K, used 32613K [0x00000000c0000000, 0x00000000c2000000, 0x00000000eab00000)
  object space 32768K, 99% used [0x00000000c0000000,0x00000000c1fd9670,0x00000000c2000000)
 Metaspace       used 6463K, capacity 7218K, committed 7296K, reserved 1056768K
  class space    used 606K, capacity 618K, committed 640K, reserved 1048576K
}
Event: 32.766 GC heap before
{Heap before GC invocations=9 (full 2):
 PSYoungGen      total 110080K, used 103877K [0x00000000eab00000, 0x00000000f9300000, 0x0000000100000000)
  eden space 96256K, 100% used [0x00000000eab00000,0x00000000f0900000,0x00000000f0900000)
  from space 13824K, 55% used [0x00000000f0900000,0x00000000f1071668,0x00000000f1680000)
  to   space 22528K, 0% used [0x00000000f7d00000,0x00000000f7d00000,0x00000000f9300000)
 ParOldGen       total 32768K, used 32613K [0x00000000c0000000, 0x00000000c2000000, 0x00000000eab00000)
  object space 32768K, 99% used [0x00000000c0000000,0x00000000c1fd9670,0x00000000c2000000)
 Metaspace       used 6568K, capacity 7256K, committed 7424K, reserved 1056768K
  class space    used 626K, capacity 656K, committed 768K, reserved 1048576K
Event: 35.676 GC heap after
Heap after GC invocations=9 (full 2):
 PSYoungGen      total 110080K, used 21426K [0x00000000eab00000, 0x00000000f9300000, 0x0000000100000000)
  eden space 96256K, 22% used [0x00000000eab00000,0x00000000ebfecbc0,0x00000000f0900000)
  from space 13824K, 0% used [0x00000000f0900000,0x00000000f0900000,0x00000000f1680000)
  to   space 22528K, 0% used [0x00000000f7d00000,0x00000000f7d00000,0x00000000f9300000)
 ParOldGen       total 32768K, used 32733K [0x00000000c0000000, 0x00000000c2000000, 0x00000000eab00000)
  object space 32768K, 99% used [0x00000000c0000000,0x00000000c1ff76c0,0x00000000c2000000)
 Metaspace       used 6568K, capacity 7256K, committed 7424K, reserved 1056768K
  class space    used 626K, capacity 656K, committed 768K, reserved 1048576K
}

Deoptimization events (10 events):
Event: 31.193 Thread 0x0000000015d09000 Uncommon trap: reason=unstable_if action=reinterpret pc=0x0000000002801a8c method=com.android.dx.ssa.MoveParamCombiner$1.visitNonMoveInsn(Lcom/android/dx/ssa/NormalSsaInsn;)V @ 27
Event: 31.473 Thread 0x0000000015d1e800 Uncommon trap: reason=bimorphic action=maybe_recompile pc=0x0000000002819d20 method=com.android.dx.ssa.LiteralOpUpgrader.tryReplacingWithConstant(Lcom/android/dx/ssa/NormalSsaInsn;)Z @ 62
Event: 31.473 Thread 0x0000000015d1e800 Uncommon trap: reason=unstable_if action=reinterpret pc=0x0000000002a1dcac method=com.android.dx.ssa.LiteralOpUpgrader$1.visitNonMoveInsn(Lcom/android/dx/ssa/NormalSsaInsn;)V @ 24
Event: 31.486 Thread 0x0000000015d1e800 Uncommon trap: reason=bimorphic action=maybe_recompile pc=0x0000000002819d20 method=com.android.dx.ssa.LiteralOpUpgrader.tryReplacingWithConstant(Lcom/android/dx/ssa/NormalSsaInsn;)Z @ 62
Event: 31.913 Thread 0x0000000001f3d800 Uncommon trap: reason=unloaded action=reinterpret pc=0x0000000002ad8e78 method=com.android.dx.cf.cst.ConstantPoolParser.parse0(ILjava/util/BitSet;)Lcom/android/dx/rop/cst/Constant; @ 220
Event: 31.946 Thread 0x0000000015d09000 Uncommon trap: reason=unstable_if action=reinterpret pc=0x0000000002418284 method=java.util.HashMap.putVal(ILjava/lang/Object;Ljava/lang/Object;ZZ)Ljava/lang/Object; @ 109
Event: 32.394 Thread 0x0000000015d09000 Uncommon trap: reason=class_check action=maybe_recompile pc=0x0000000002a27a4c method=com.android.dx.cf.code.BytecodeArray.parseInstruction(ILcom/android/dx/cf/code/BytecodeArray$Visitor;)I @ 1807
Event: 32.395 Thread 0x0000000015d09000 Uncommon trap: reason=class_check action=maybe_recompile pc=0x0000000002a27a4c method=com.android.dx.cf.code.BytecodeArray.parseInstruction(ILcom/android/dx/cf/code/BytecodeArray$Visitor;)I @ 1807
Event: 32.395 Thread 0x0000000015d09000 Uncommon trap: reason=class_check action=maybe_recompile pc=0x0000000002a27a4c method=com.android.dx.cf.code.BytecodeArray.parseInstruction(ILcom/android/dx/cf/code/BytecodeArray$Visitor;)I @ 1807
Event: 32.395 Thread 0x0000000015d09000 Uncommon trap: reason=class_check action=maybe_recompile pc=0x0000000002a27a4c method=com.android.dx.cf.code.BytecodeArray.parseInstruction(ILcom/android/dx/cf/code/BytecodeArray$Visitor;)I @ 1807

Internal exceptions (8 events):
Event: 0.291 Thread 0x0000000001f3d800 Exception <a 'java/lang/NoSuchMethodError': Method sun.misc.Unsafe.defineClass(Ljava/lang/String;[BII)Ljava/lang/Class; name or signature does not match> (0x00000000eab07cc0) thrown at [C:\re\workspace\8-2-build-windows-amd64-cygwin\jdk8u72\5732\hotspot\sr—[“þñ£Ò?
Event: 0.291 Thread 0x0000000001f3d800 Exception <a 'java/lang/NoSuchMethodError': Method sun.misc.Unsafe.prefetchRead(Ljava/lang/Object;J)V name or signature does not match> (0x00000000eab07fa8) thrown at [C:\re\workspace\8-2-build-windows-amd64-cygwin\jdk8u72\5732\hotspot\src\share\vm\prims\jÇfïÅ…$@
Event: 10.261 Thread 0x0000000015d22000 Implicit null exception at 0x0000000002645fe2 to 0x0000000002646091
Event: 19.300 Thread 0x0000000015d1e800 Implicit null exception at 0x0000000002607369 to 0x0000000002608809
Event: 26.476 Thread 0x0000000015d28800 Implicit null exception at 0x00000000028209b1 to 0x00000000028218d5
Event: 31.055 Thread 0x0000000015d28800 Exception <a 'java/lang/ArrayIndexOutOfBoundsException': 18> (0x00000000eac856b8) thrown at [C:\re\workspace\8-2-build-windows-amd64-cygwin\jdk8u72\5732\hotspot\src\share\vm\interpreter\interpreterRuntime.cpp, line 366]
Event: 31.056 Thread 0x0000000015d28800 Exception <a 'java/lang/ArrayIndexOutOfBoundsException'> (0x00000000eac87238) thrown at [C:\re\workspace\8-2-build-windows-amd64-cygwin\jdk8u72\5732\hotspot\src\share\vm\runtime\sharedRuntime.cpp, line 605]
Event: 31.057 Thread 0x0000000015d28800 Exception <a 'java/lang/ArrayIndexOutOfBoundsException'> (0x00000000eac88520) thrown at [C:\re\workspace\8-2-build-windows-amd64-cygwin\jdk8u72\5732\hotspot\src\share\vm\runtime\sharedRuntime.cpp, line 605]

Events (10 events):
Event: 32.395 Thread 0x0000000015d09000 DEOPT PACKING pc=0x0000000002a27a4c sp=0x0000000015fee930
Event: 32.395 Thread 0x0000000015d09000 DEOPT UNPACKING pc=0x000000000228556a sp=0x0000000015fee8b8 mode 2
Event: 32.395 Thread 0x0000000015d09000 Uncommon trap: trap_request=0xffffffde fr.pc=0x0000000002a27a4c
Event: 32.395 Thread 0x0000000015d09000 DEOPT PACKING pc=0x0000000002a27a4c sp=0x0000000015fee930
Event: 32.395 Thread 0x0000000015d09000 DEOPT UNPACKING pc=0x000000000228556a sp=0x0000000015fee8b8 mode 2
Event: 32.395 Thread 0x0000000015d09000 Uncommon trap: trap_request=0xffffffde fr.pc=0x0000000002a27a4c
Event: 32.395 Thread 0x0000000015d09000 DEOPT PACKING pc=0x0000000002a27a4c sp=0x0000000015fee930
Event: 32.395 Thread 0x0000000015d09000 DEOPT UNPACKING pc=0x000000000228556a sp=0x0000000015fee8b8 mode 2
Event: 32.762 Executing VM operation: ParallelGCFailedAllocation
Event: 35.676 Executing VM operation: ParallelGCFailedAllocation done


Dynamic libraries:
0x00007ff6720a0000 - 0x00007ff6720d7000 	C:\Program Files\Java\jdk1.8.0_72\bin\java.exe
0x00007ff845d00000 - 0x00007ff845ec1000 	C:\Windows\SYSTEM32\ntdll.dll
0x00007ff8457f0000 - 0x00007ff84589d000 	C:\Windows\system32\KERNEL32.DLL
0x00007ff8423b0000 - 0x00007ff842598000 	C:\Windows\system32\KERNELBASE.dll
0x00007ff8459e0000 - 0x00007ff845a87000 	C:\Windows\system32\ADVAPI32.dll
0x00007ff845aa0000 - 0x00007ff845b3d000 	C:\Windows\system32\msvcrt.dll
0x00007ff8439d0000 - 0x00007ff843a2b000 	C:\Windows\system32\sechost.dll
0x00007ff845600000 - 0x00007ff84571c000 	C:\Windows\system32\RPCRT4.dll
0x00007ff8454a0000 - 0x00007ff8455f6000 	C:\Windows\system32\USER32.dll
0x00007ff843250000 - 0x00007ff8433d6000 	C:\Windows\system32\GDI32.dll
0x00007ff839560000 - 0x00007ff8397d4000 	C:\Windows\WinSxS\amd64_microsoft.windows.common-controls_6595b64144ccf1df_6.0.10586.0_none_8c15ae12515e1c22\COMCTL32.dll
0x00007ff843cc0000 - 0x00007ff843f3d000 	C:\Windows\system32\combase.dll
0x00007ff8425a0000 - 0x00007ff84260a000 	C:\Windows\system32\bcryptPrimitives.dll
0x00007ff843a30000 - 0x00007ff843a6b000 	C:\Windows\system32\IMM32.DLL
0x0000000056d00000 - 0x0000000056dd2000 	C:\Program Files\Java\jdk1.8.0_72\jre\bin\msvcr100.dll
0x0000000057260000 - 0x0000000057af0000 	C:\Program Files\Java\jdk1.8.0_72\jre\bin\server\jvm.dll
0x00007ff845900000 - 0x00007ff845908000 	C:\Windows\system32\PSAPI.DLL
0x00007ff8324c0000 - 0x00007ff8324c9000 	C:\Windows\SYSTEM32\WSOCK32.dll
0x00007ff843bf0000 - 0x00007ff843c5b000 	C:\Windows\system32\WS2_32.dll
0x00007ff840660000 - 0x00007ff840683000 	C:\Windows\SYSTEM32\WINMM.dll
0x00007ff83e110000 - 0x00007ff83e11a000 	C:\Windows\SYSTEM32\VERSION.dll
0x00007ff840600000 - 0x00007ff84062c000 	C:\Windows\SYSTEM32\WINMMBASE.dll
0x00007ff842950000 - 0x00007ff842993000 	C:\Windows\system32\cfgmgr32.dll
0x0000000057170000 - 0x000000005717f000 	C:\Program Files\Java\jdk1.8.0_72\jre\bin\verify.dll
0x0000000057140000 - 0x0000000057169000 	C:\Program Files\Java\jdk1.8.0_72\jre\bin\java.dll
0x0000000057120000 - 0x0000000057136000 	C:\Program Files\Java\jdk1.8.0_72\jre\bin\zip.dll
0x00007ff843f40000 - 0x00007ff84549c000 	C:\Windows\system32\SHELL32.dll
0x00007ff8429a0000 - 0x00007ff842fe5000 	C:\Windows\system32\windows.storage.dll
0x00007ff8458a0000 - 0x00007ff8458f2000 	C:\Windows\system32\shlwapi.dll
0x00007ff842320000 - 0x00007ff84232f000 	C:\Windows\system32\kernel.appcore.dll
0x00007ff8427e0000 - 0x00007ff842895000 	C:\Windows\system32\shcore.dll
0x00007ff842360000 - 0x00007ff8423ab000 	C:\Windows\system32\powrprof.dll
0x00007ff842340000 - 0x00007ff842354000 	C:\Windows\system32\profapi.dll

VM Arguments:
jvm_args: -Djava.awt.headless=true -Xmx1024M -Dfile.encoding=windows-1252 -Duser.country=IN -Duser.language=en -Duser.variant 
java_command: com.android.dx.command.Main --dex --force-jumbo --num-threads=4 --output C:\AndroidStudioProjects\GPSAlarm\app\build\intermediates\pre-dexed\debug\com.android.support-support-v4-23.2.1_645511b8d9377d522375d1bce7082c406fdd2138.jar C:\AndroidStudioProjects\GPSAlarm\app\build\intermediates\exploded-aar\com.android.support\support-v4\23.2.1\jars\classes.jar
java_class_path (initial): C:\Android\sdk\build-tools\23.0.2\lib\dx.jar
Launcher Type: SUN_STANDARD

Environment Variables:
PATH=C:\ProgramData\Oracle\Java\javapath;C:\Windows\system32;C:\Windows;C:\Windows\System32\Wbem;C:\Windows\System32\WindowsPowerShell\v1.0\;C:\Program Files (x86)\Common Files\lenovo\easyplussdk\bin;C:\Users\R Gowtham\AppData\Local\Programs\Python\Python35-32\Scripts\;C:\Users\R Gowtham\AppData\Local\Programs\Python\Python35-32\
USERNAME=R Gowtham
OS=Windows_NT
PROCESSOR_IDENTIFIER=Intel64 Family 6 Model 23 Stepping 10, GenuineIntel



---------------  S Y S T E M  ---------------

OS: Windows 10.0 , 64 bit Build 10586 (10.0.10586.0)

CPU:total 2 (2 cores per cpu, 1 threads per core) family 6 model 23 stepping 10, cmov, cx8, fxsr, mmx, sse, sse2, sse3, ssse3, tsc

Memory: 4k page, physical 3074020k(87152k free), swap 4122596k(784k free)

vm_info: Java HotSpot(TM) 64-Bit Server VM (25.72-b15) for windows-amd64 JRE (1.8.0_72-b15), built on Dec 22 2015 19:16:16 by "java_re" with MS VC++ 10.0 (VS2010)

time: Mon May 09 16:07:20 2016
elapsed time: 35 seconds (0d 0h 0m 35s)

